

*******************************************************************************
Sun Feb  5 19:08:11 2012


FIT:    data read from '< head -10000 si2.txt' u ($1):($3)
        format = x:z
        #datapoints = 10000
        residuals are weighted equally (unit weight)

function used for fitting: f1(x)
fitted parameters initialized with current variable values



 Iteration 0
 WSSR        : 8.3941e+11        delta(WSSR)/WSSR   : 0
 delta(WSSR) : 0                 limit for stopping : 1e-05
 lambda	  : 2869.09

initial set of free parameter values

a               = 1
b               = 1
c               = 1
d               = 1
e               = 1
f               = 1

After 12 iterations the fit converged.
final sum of squares of residuals : 0.00234558
rel. change during last iteration : -4.38457e-07

degrees of freedom    (FIT_NDF)                        : 9994
rms of residuals      (FIT_STDFIT) = sqrt(WSSR/ndf)    : 0.000484458
variance of residuals (reduced chisquare) = WSSR/ndf   : 2.34699e-07

Final set of parameters            Asymptotic Standard Error
=======================            ==========================

a               = 120209           +/- 26.38        (0.02195%)
b               = -89678.5         +/- 22.81        (0.02544%)
c               = 27029.5          +/- 7.883        (0.02916%)
d               = -4174.01         +/- 1.361        (0.03261%)
e               = 330.993          +/- 0.1174       (0.03548%)
f               = -10.726          +/- 0.004049     (0.03775%)


correlation matrix of the fit parameters:

               a      b      c      d      e      f      
a               1.000 
b              -1.000  1.000 
c               1.000 -1.000  1.000 
d              -1.000  1.000 -1.000  1.000 
e               0.999 -1.000  1.000 -1.000  1.000 
f              -0.999  0.999 -1.000  1.000 -1.000  1.000 


*******************************************************************************
Sun Feb  5 19:08:55 2012


FIT:    data read from '< head -10000 si2.txt' u ($1):($3)
        format = x:z
        #datapoints = 10000
        residuals are weighted equally (unit weight)

function used for fitting: f1(x)
fitted parameters initialized with current variable values



 Iteration 0
 WSSR        : 8.3941e+11        delta(WSSR)/WSSR   : 0
 delta(WSSR) : 0                 limit for stopping : 1e-05
 lambda	  : 2869.09

initial set of free parameter values

a               = 1
b               = 1
c               = 1
d               = 1
e               = 1
f               = 1

After 12 iterations the fit converged.
final sum of squares of residuals : 0.00234558
rel. change during last iteration : -4.38457e-07

degrees of freedom    (FIT_NDF)                        : 9994
rms of residuals      (FIT_STDFIT) = sqrt(WSSR/ndf)    : 0.000484458
variance of residuals (reduced chisquare) = WSSR/ndf   : 2.34699e-07

Final set of parameters            Asymptotic Standard Error
=======================            ==========================

a               = 120209           +/- 26.38        (0.02195%)
b               = -89678.5         +/- 22.81        (0.02544%)
c               = 27029.5          +/- 7.883        (0.02916%)
d               = -4174.01         +/- 1.361        (0.03261%)
e               = 330.993          +/- 0.1174       (0.03548%)
f               = -10.726          +/- 0.004049     (0.03775%)


correlation matrix of the fit parameters:

               a      b      c      d      e      f      
a               1.000 
b              -1.000  1.000 
c               1.000 -1.000  1.000 
d              -1.000  1.000 -1.000  1.000 
e               0.999 -1.000  1.000 -1.000  1.000 
f              -0.999  0.999 -1.000  1.000 -1.000  1.000 


*******************************************************************************
Sun Feb  5 19:09:08 2012


FIT:    data read from '< head -10000 si2.txt' u ($1):($3)
        format = x:z
        #datapoints = 10000
        residuals are weighted equally (unit weight)

function used for fitting: f1(x)
fitted parameters initialized with current variable values



 Iteration 0
 WSSR        : 8.3941e+11        delta(WSSR)/WSSR   : 0
 delta(WSSR) : 0                 limit for stopping : 1e-05
 lambda	  : 2869.09

initial set of free parameter values

a               = 1
b               = 1
c               = 1
d               = 1
e               = 1
f               = 1

After 12 iterations the fit converged.
final sum of squares of residuals : 0.00234558
rel. change during last iteration : -4.38457e-07

degrees of freedom    (FIT_NDF)                        : 9994
rms of residuals      (FIT_STDFIT) = sqrt(WSSR/ndf)    : 0.000484458
variance of residuals (reduced chisquare) = WSSR/ndf   : 2.34699e-07

Final set of parameters            Asymptotic Standard Error
=======================            ==========================

a               = 120209           +/- 26.38        (0.02195%)
b               = -89678.5         +/- 22.81        (0.02544%)
c               = 27029.5          +/- 7.883        (0.02916%)
d               = -4174.01         +/- 1.361        (0.03261%)
e               = 330.993          +/- 0.1174       (0.03548%)
f               = -10.726          +/- 0.004049     (0.03775%)


correlation matrix of the fit parameters:

               a      b      c      d      e      f      
a               1.000 
b              -1.000  1.000 
c               1.000 -1.000  1.000 
d              -1.000  1.000 -1.000  1.000 
e               0.999 -1.000  1.000 -1.000  1.000 
f              -0.999  0.999 -1.000  1.000 -1.000  1.000 


*******************************************************************************
Sun Feb  5 19:11:02 2012


FIT:    data read from '< head -10000 si2.txt' u ($1):($3/216)
        format = x:z
        #datapoints = 10000
        residuals are weighted equally (unit weight)

function used for fitting: f1(x)
fitted parameters initialized with current variable values



 Iteration 0
 WSSR        : 6.95273e+11       delta(WSSR)/WSSR   : 0
 delta(WSSR) : 0                 limit for stopping : 1e-05
 lambda	  : 2869.09

initial set of free parameter values

a               = 1
b               = 1
c               = 1
d               = 1
e               = 1
f               = 1

After 12 iterations the fit converged.
final sum of squares of residuals : 5.0274e-08
rel. change during last iteration : -4.48022e-07

degrees of freedom    (FIT_NDF)                        : 9994
rms of residuals      (FIT_STDFIT) = sqrt(WSSR/ndf)    : 2.24286e-06
variance of residuals (reduced chisquare) = WSSR/ndf   : 5.03042e-12

Final set of parameters            Asymptotic Standard Error
=======================            ==========================

a               = 556.522          +/- 0.1221       (0.02195%)
b               = -415.178         +/- 0.1056       (0.02544%)
c               = 125.136          +/- 0.0365       (0.02916%)
d               = -19.3241         +/- 0.006302     (0.03261%)
e               = 1.53238          +/- 0.0005436    (0.03548%)
f               = -0.0496574       +/- 1.875e-05    (0.03775%)


correlation matrix of the fit parameters:

               a      b      c      d      e      f      
a               1.000 
b              -1.000  1.000 
c               1.000 -1.000  1.000 
d              -1.000  1.000 -1.000  1.000 
e               0.999 -1.000  1.000 -1.000  1.000 
f              -0.999  0.999 -1.000  1.000 -1.000  1.000 


*******************************************************************************
Sun Feb  5 19:30:05 2012


FIT:    data read from '< head -10000 si2.txt' u ($1):($3/216)
        format = x:z
        #datapoints = 10000
        residuals are weighted equally (unit weight)

function used for fitting: f1(x)
fitted parameters initialized with current variable values



 Iteration 0
 WSSR        : 1.99279e+07       delta(WSSR)/WSSR   : 0
 delta(WSSR) : 0                 limit for stopping : 1e-05
 lambda	  : 19.8592

initial set of free parameter values

a               = 1
b               = 1
c               = 1

After 6 iterations the fit converged.
final sum of squares of residuals : 0.86489
rel. change during last iteration : -9.23913e-12

degrees of freedom    (FIT_NDF)                        : 9997
rms of residuals      (FIT_STDFIT) = sqrt(WSSR/ndf)    : 0.00930134
variance of residuals (reduced chisquare) = WSSR/ndf   : 8.65149e-05

Final set of parameters            Asymptotic Standard Error
=======================            ==========================

a               = 34.0066          +/- 0.04192      (0.1233%)
b               = -14.2502         +/- 0.01448      (0.1016%)
c               = 1.32401          +/- 0.001248     (0.09425%)


correlation matrix of the fit parameters:

               a      b      c      
a               1.000 
b              -1.000  1.000 
c               0.999 -1.000  1.000 


*******************************************************************************
Sun Feb  5 19:30:51 2012


FIT:    data read from '< head -10000 si2.txt' u ($1):($3/216)
        format = x:z
        #datapoints = 10000
        residuals are weighted equally (unit weight)

function used for fitting: f1(x)
fitted parameters initialized with current variable values



 Iteration 0
 WSSR        : 1.99279e+07       delta(WSSR)/WSSR   : 0
 delta(WSSR) : 0                 limit for stopping : 1e-05
 lambda	  : 19.8592

initial set of free parameter values

a               = 1
b               = 1
c               = 1

After 6 iterations the fit converged.
final sum of squares of residuals : 0.86489
rel. change during last iteration : -9.23913e-12

degrees of freedom    (FIT_NDF)                        : 9997
rms of residuals      (FIT_STDFIT) = sqrt(WSSR/ndf)    : 0.00930134
variance of residuals (reduced chisquare) = WSSR/ndf   : 8.65149e-05

Final set of parameters            Asymptotic Standard Error
=======================            ==========================

a               = 34.0066          +/- 0.04192      (0.1233%)
b               = -14.2502         +/- 0.01448      (0.1016%)
c               = 1.32401          +/- 0.001248     (0.09425%)


correlation matrix of the fit parameters:

               a      b      c      
a               1.000 
b              -1.000  1.000 
c               0.999 -1.000  1.000 


*******************************************************************************
Sun Feb  5 19:31:22 2012


FIT:    data read from 'si2.txt' u ($1):($3/216)
        format = x:z
        #datapoints = 10000
        residuals are weighted equally (unit weight)

function used for fitting: f1(x)
fitted parameters initialized with current variable values



 Iteration 0
 WSSR        : 1.99279e+07       delta(WSSR)/WSSR   : 0
 delta(WSSR) : 0                 limit for stopping : 1e-05
 lambda	  : 19.8592

initial set of free parameter values

a               = 1
b               = 1
c               = 1

After 6 iterations the fit converged.
final sum of squares of residuals : 0.86489
rel. change during last iteration : -9.23913e-12

degrees of freedom    (FIT_NDF)                        : 9997
rms of residuals      (FIT_STDFIT) = sqrt(WSSR/ndf)    : 0.00930134
variance of residuals (reduced chisquare) = WSSR/ndf   : 8.65149e-05

Final set of parameters            Asymptotic Standard Error
=======================            ==========================

a               = 34.0066          +/- 0.04192      (0.1233%)
b               = -14.2502         +/- 0.01448      (0.1016%)
c               = 1.32401          +/- 0.001248     (0.09425%)


correlation matrix of the fit parameters:

               a      b      c      
a               1.000 
b              -1.000  1.000 
c               0.999 -1.000  1.000 


*******************************************************************************
Sun Feb  5 19:31:39 2012


FIT:    data read from 'si2.txt' u ($1):($3/216)
        format = x:z
        #datapoints = 10000
        residuals are weighted equally (unit weight)

function used for fitting: f1(x)
fitted parameters initialized with current variable values



 Iteration 0
 WSSR        : 1.99279e+07       delta(WSSR)/WSSR   : 0
 delta(WSSR) : 0                 limit for stopping : 1e-05
 lambda	  : 19.8592

initial set of free parameter values

a               = 1
b               = 1
c               = 1

After 6 iterations the fit converged.
final sum of squares of residuals : 0.86489
rel. change during last iteration : -9.23913e-12

degrees of freedom    (FIT_NDF)                        : 9997
rms of residuals      (FIT_STDFIT) = sqrt(WSSR/ndf)    : 0.00930134
variance of residuals (reduced chisquare) = WSSR/ndf   : 8.65149e-05

Final set of parameters            Asymptotic Standard Error
=======================            ==========================

a               = 34.0066          +/- 0.04192      (0.1233%)
b               = -14.2502         +/- 0.01448      (0.1016%)
c               = 1.32401          +/- 0.001248     (0.09425%)


correlation matrix of the fit parameters:

               a      b      c      
a               1.000 
b              -1.000  1.000 
c               0.999 -1.000  1.000 


*******************************************************************************
Sun Feb  5 19:32:12 2012


FIT:    data read from 'si2.txt' u ($1):($3/216)
        format = x:z
        #datapoints = 10000
        residuals are weighted equally (unit weight)

function used for fitting: f1(x)
fitted parameters initialized with current variable values



 Iteration 0
 WSSR        : 6.95273e+11       delta(WSSR)/WSSR   : 0
 delta(WSSR) : 0                 limit for stopping : 1e-05
 lambda	  : 2869.09

initial set of free parameter values

a               = 1
b               = 1
c               = 1
d               = 1
e               = 1
f               = 1

After 12 iterations the fit converged.
final sum of squares of residuals : 5.0274e-08
rel. change during last iteration : -4.48022e-07

degrees of freedom    (FIT_NDF)                        : 9994
rms of residuals      (FIT_STDFIT) = sqrt(WSSR/ndf)    : 2.24286e-06
variance of residuals (reduced chisquare) = WSSR/ndf   : 5.03042e-12

Final set of parameters            Asymptotic Standard Error
=======================            ==========================

a               = 556.522          +/- 0.1221       (0.02195%)
b               = -415.178         +/- 0.1056       (0.02544%)
c               = 125.136          +/- 0.0365       (0.02916%)
d               = -19.3241         +/- 0.006302     (0.03261%)
e               = 1.53238          +/- 0.0005436    (0.03548%)
f               = -0.0496574       +/- 1.875e-05    (0.03775%)


correlation matrix of the fit parameters:

               a      b      c      d      e      f      
a               1.000 
b              -1.000  1.000 
c               1.000 -1.000  1.000 
d              -1.000  1.000 -1.000  1.000 
e               0.999 -1.000  1.000 -1.000  1.000 
f              -0.999  0.999 -1.000  1.000 -1.000  1.000 


*******************************************************************************
Tue Feb  7 13:10:06 2012


FIT:    data read from 'si2.txt' u ($1):($3/216)
        format = x:z
        #datapoints = 10000
        residuals are weighted equally (unit weight)

function used for fitting: f1(x)
fitted parameters initialized with current variable values



 Iteration 0
 WSSR        : 1.99279e+07       delta(WSSR)/WSSR   : 0
 delta(WSSR) : 0                 limit for stopping : 1e-05
 lambda	  : 14.0426

initial set of free parameter values

a               = 1
b               = 1
c               = 1
d               = 1
e               = 1
f               = 1

After 6 iterations the fit converged.
final sum of squares of residuals : 0.86489
rel. change during last iteration : -2.3722e-13

degrees of freedom    (FIT_NDF)                        : 9994
rms of residuals      (FIT_STDFIT) = sqrt(WSSR/ndf)    : 0.00930274
variance of residuals (reduced chisquare) = WSSR/ndf   : 8.65409e-05

BREAK:          Singular matrix in Invert_RtR



*******************************************************************************
Tue Feb  7 13:10:35 2012


FIT:    data read from 'si2.txt' u ($1):($3/216)
        format = x:z
        #datapoints = 10000
        residuals are weighted equally (unit weight)

function used for fitting: f1(x)
fitted parameters initialized with current variable values



 Iteration 0
 WSSR        : 1.99279e+07       delta(WSSR)/WSSR   : 0
 delta(WSSR) : 0                 limit for stopping : 1e-05
 lambda	  : 14.0426

initial set of free parameter values

a               = 1
b               = 1
c               = 1
d               = 1
e               = 1
f               = 1

After 6 iterations the fit converged.
final sum of squares of residuals : 0.86489
rel. change during last iteration : -2.3722e-13

degrees of freedom    (FIT_NDF)                        : 9994
rms of residuals      (FIT_STDFIT) = sqrt(WSSR/ndf)    : 0.00930274
variance of residuals (reduced chisquare) = WSSR/ndf   : 8.65409e-05

BREAK:          Singular matrix in Invert_RtR



*******************************************************************************
Tue Feb  7 13:11:08 2012


FIT:    data read from 'si2.txt' u ($1):($3/216)
        format = x:z
        #datapoints = 10000
        residuals are weighted equally (unit weight)

function used for fitting: f1(x)
fitted parameters initialized with current variable values



 Iteration 0
 WSSR        : 1.99279e+07       delta(WSSR)/WSSR   : 0
 delta(WSSR) : 0                 limit for stopping : 1e-05
 lambda	  : 14.0426

initial set of free parameter values

a               = 1
b               = 1
c               = 1
d               = 1
e               = 1
f               = 1

After 6 iterations the fit converged.
final sum of squares of residuals : 0.86489
rel. change during last iteration : -2.3722e-13

degrees of freedom    (FIT_NDF)                        : 9994
rms of residuals      (FIT_STDFIT) = sqrt(WSSR/ndf)    : 0.00930274
variance of residuals (reduced chisquare) = WSSR/ndf   : 8.65409e-05

BREAK:          Singular matrix in Invert_RtR



*******************************************************************************
Tue Feb  7 13:15:57 2012


FIT:    data read from 'si2.txt' u ($1):($3/216)
        format = x:z
        #datapoints = 10000
        residuals are weighted equally (unit weight)

function used for fitting: f1(x)
fitted parameters initialized with current variable values



 Iteration 0
 WSSR        : 1.99279e+07       delta(WSSR)/WSSR   : 0
 delta(WSSR) : 0                 limit for stopping : 1e-05
 lambda	  : 14.0426

initial set of free parameter values

a               = 1
b               = 1
c               = 1
d               = 1
e               = 1
f               = 1

After 6 iterations the fit converged.
final sum of squares of residuals : 0.86489
rel. change during last iteration : -2.3722e-13

degrees of freedom    (FIT_NDF)                        : 9994
rms of residuals      (FIT_STDFIT) = sqrt(WSSR/ndf)    : 0.00930274
variance of residuals (reduced chisquare) = WSSR/ndf   : 8.65409e-05

BREAK:          Singular matrix in Invert_RtR



*******************************************************************************
Tue Feb  7 13:16:20 2012


FIT:    data read from 'si2.txt' u ($1):($3/216)
        format = x:z
        #datapoints = 10000
        residuals are weighted equally (unit weight)

function used for fitting: f1(x)
fitted parameters initialized with current variable values



 Iteration 0
 WSSR        : 1.99279e+07       delta(WSSR)/WSSR   : 0
 delta(WSSR) : 0                 limit for stopping : 1e-05
 lambda	  : 14.0426

initial set of free parameter values

a               = 1
b               = 1
c               = 1
d               = 1
e               = 1
f               = 1

After 6 iterations the fit converged.
final sum of squares of residuals : 0.86489
rel. change during last iteration : -2.3722e-13

degrees of freedom    (FIT_NDF)                        : 9994
rms of residuals      (FIT_STDFIT) = sqrt(WSSR/ndf)    : 0.00930274
variance of residuals (reduced chisquare) = WSSR/ndf   : 8.65409e-05

BREAK:          Singular matrix in Invert_RtR



*******************************************************************************
Tue Feb  7 13:24:05 2012


FIT:    data read from 'si.txt' u ($1):($3/216)
        format = x:z
        #datapoints = 10000
        residuals are weighted equally (unit weight)

function used for fitting: f1(x)
fitted parameters initialized with current variable values



 Iteration 0
 WSSR        : 1.69338e+07       delta(WSSR)/WSSR   : 0
 delta(WSSR) : 0                 limit for stopping : 1e-05
 lambda	  : 17.9025

initial set of free parameter values

a               = 1
b               = 1
c               = 1

After 6 iterations the fit converged.
final sum of squares of residuals : 1.42048
rel. change during last iteration : -1.81828e-12

degrees of freedom    (FIT_NDF)                        : 9997
rms of residuals      (FIT_STDFIT) = sqrt(WSSR/ndf)    : 0.0119202
variance of residuals (reduced chisquare) = WSSR/ndf   : 0.00014209

Final set of parameters            Asymptotic Standard Error
=======================            ==========================

a               = 50.1183          +/- 0.0483       (0.09637%)
b               = -19.961          +/- 0.0176       (0.08815%)
c               = 1.82939          +/- 0.001599     (0.08742%)


correlation matrix of the fit parameters:

               a      b      c      
a               1.000 
b              -1.000  1.000 
c               0.999 -1.000  1.000 


*******************************************************************************
Tue Feb  7 13:27:53 2012


FIT:    data read from 'si.txt' u ($1):($3/216)
        format = x:z
        #datapoints = 10000
        residuals are weighted equally (unit weight)

function used for fitting: f1(x)
fitted parameters initialized with current variable values



 Iteration 0
 WSSR        : 1.69338e+07       delta(WSSR)/WSSR   : 0
 delta(WSSR) : 0                 limit for stopping : 1e-05
 lambda	  : 17.9025

initial set of free parameter values

a               = 1
b               = 1
c               = 1

After 6 iterations the fit converged.
final sum of squares of residuals : 1.42048
rel. change during last iteration : -1.81828e-12

degrees of freedom    (FIT_NDF)                        : 9997
rms of residuals      (FIT_STDFIT) = sqrt(WSSR/ndf)    : 0.0119202
variance of residuals (reduced chisquare) = WSSR/ndf   : 0.00014209

Final set of parameters            Asymptotic Standard Error
=======================            ==========================

a               = 50.1183          +/- 0.0483       (0.09637%)
b               = -19.961          +/- 0.0176       (0.08815%)
c               = 1.82939          +/- 0.001599     (0.08742%)


correlation matrix of the fit parameters:

               a      b      c      
a               1.000 
b              -1.000  1.000 
c               0.999 -1.000  1.000 


*******************************************************************************
Tue Feb  7 13:27:53 2012


FIT:    data read from 'si.txt' u ($1):($3/216)
        format = x:z
        #datapoints = 10000
        residuals are weighted equally (unit weight)

function used for fitting: f2(x)
fitted parameters initialized with current variable values



 Iteration 0
 WSSR        : 4.17384e+11       delta(WSSR)/WSSR   : 0
 delta(WSSR) : 0                 limit for stopping : 1e-05
 lambda	  : 2216.32

initial set of free parameter values

a               = 50.1183
b               = -19.961
c               = 1.82939
d               = 1
e               = 1
f               = 1

After 12 iterations the fit converged.
final sum of squares of residuals : 0.000737127
rel. change during last iteration : -3.63255e-12

degrees of freedom    (FIT_NDF)                        : 9994
rms of residuals      (FIT_STDFIT) = sqrt(WSSR/ndf)    : 0.000271582
variance of residuals (reduced chisquare) = WSSR/ndf   : 7.3757e-08

Final set of parameters            Asymptotic Standard Error
=======================            ==========================

a               = -700.048         +/- 11.33        (1.619%)
b               = 719.003          +/- 10.33        (1.437%)
c               = -284.026         +/- 3.767        (1.326%)
d               = 54.422           +/- 0.6861       (1.261%)
e               = -5.10834         +/- 0.06242      (1.222%)
f               = 0.189352         +/- 0.00227      (1.199%)


correlation matrix of the fit parameters:

               a      b      c      d      e      f      
a               1.000 
b              -1.000  1.000 
c               1.000 -1.000  1.000 
d              -1.000  1.000 -1.000  1.000 
e               0.999 -1.000  1.000 -1.000  1.000 
f              -0.999  0.999 -1.000  1.000 -1.000  1.000 


*******************************************************************************
Tue Feb  7 13:28:51 2012


FIT:    data read from 'si.txt' u ($1):($3/216)
        format = x:z
        #datapoints = 10000
        residuals are weighted equally (unit weight)

function used for fitting: f1(x)
fitted parameters initialized with current variable values



 Iteration 0
 WSSR        : 1.69338e+07       delta(WSSR)/WSSR   : 0
 delta(WSSR) : 0                 limit for stopping : 1e-05
 lambda	  : 17.9025

initial set of free parameter values

a1              = 1
b1              = 1
c1              = 1

After 6 iterations the fit converged.
final sum of squares of residuals : 1.42048
rel. change during last iteration : -1.81828e-12

degrees of freedom    (FIT_NDF)                        : 9997
rms of residuals      (FIT_STDFIT) = sqrt(WSSR/ndf)    : 0.0119202
variance of residuals (reduced chisquare) = WSSR/ndf   : 0.00014209

Final set of parameters            Asymptotic Standard Error
=======================            ==========================

a1              = 50.1183          +/- 0.0483       (0.09637%)
b1              = -19.961          +/- 0.0176       (0.08815%)
c1              = 1.82939          +/- 0.001599     (0.08742%)


correlation matrix of the fit parameters:

               a1     b1     c1     
a1              1.000 
b1             -1.000  1.000 
c1              0.999 -1.000  1.000 


*******************************************************************************
Tue Feb  7 13:28:52 2012


FIT:    data read from 'si.txt' u ($1):($3/216)
        format = x:z
        #datapoints = 10000
        residuals are weighted equally (unit weight)

function used for fitting: f2(x)
fitted parameters initialized with current variable values



 Iteration 0
 WSSR        : 4.22649e+11       delta(WSSR)/WSSR   : 0
 delta(WSSR) : 0                 limit for stopping : 1e-05
 lambda	  : 2216.32

initial set of free parameter values

a2              = 1
b2              = 1
c2              = 1
d2              = 1
e2              = 1
f2              = 1

After 12 iterations the fit converged.
final sum of squares of residuals : 0.000737127
rel. change during last iteration : -1.19801e-12

degrees of freedom    (FIT_NDF)                        : 9994
rms of residuals      (FIT_STDFIT) = sqrt(WSSR/ndf)    : 0.000271582
variance of residuals (reduced chisquare) = WSSR/ndf   : 7.3757e-08

Final set of parameters            Asymptotic Standard Error
=======================            ==========================

a2              = -700.047         +/- 11.33        (1.619%)
b2              = 719.002          +/- 10.33        (1.437%)
c2              = -284.026         +/- 3.767        (1.326%)
d2              = 54.422           +/- 0.6861       (1.261%)
e2              = -5.10833         +/- 0.06242      (1.222%)
f2              = 0.189352         +/- 0.00227      (1.199%)


correlation matrix of the fit parameters:

               a2     b2     c2     d2     e2     f2     
a2              1.000 
b2             -1.000  1.000 
c2              1.000 -1.000  1.000 
d2             -1.000  1.000 -1.000  1.000 
e2              0.999 -1.000  1.000 -1.000  1.000 
f2             -0.999  0.999 -1.000  1.000 -1.000  1.000 


*******************************************************************************
Tue Feb  7 13:35:52 2012


FIT:    data read from 'si.txt' u ($1):($3/216)
        format = x:z
        #datapoints = 10000
        residuals are weighted equally (unit weight)

function used for fitting: f1(x)
fitted parameters initialized with current variable values



 Iteration 0
 WSSR        : 1.69338e+07       delta(WSSR)/WSSR   : 0
 delta(WSSR) : 0                 limit for stopping : 1e-05
 lambda	  : 17.9025

initial set of free parameter values

a1              = 1
b1              = 1
c1              = 1

After 6 iterations the fit converged.
final sum of squares of residuals : 1.42048
rel. change during last iteration : -1.81828e-12

degrees of freedom    (FIT_NDF)                        : 9997
rms of residuals      (FIT_STDFIT) = sqrt(WSSR/ndf)    : 0.0119202
variance of residuals (reduced chisquare) = WSSR/ndf   : 0.00014209

Final set of parameters            Asymptotic Standard Error
=======================            ==========================

a1              = 50.1183          +/- 0.0483       (0.09637%)
b1              = -19.961          +/- 0.0176       (0.08815%)
c1              = 1.82939          +/- 0.001599     (0.08742%)


correlation matrix of the fit parameters:

               a1     b1     c1     
a1              1.000 
b1             -1.000  1.000 
c1              0.999 -1.000  1.000 


*******************************************************************************
Tue Feb  7 13:37:08 2012


FIT:    data read from 'si.txt' u ($1):($3/216)
        format = x:z
        #datapoints = 10000
        residuals are weighted equally (unit weight)

function used for fitting: f1(x)
fitted parameters initialized with current variable values



 Iteration 0
 WSSR        : 1.69338e+07       delta(WSSR)/WSSR   : 0
 delta(WSSR) : 0                 limit for stopping : 1e-05
 lambda	  : 17.9025

initial set of free parameter values

a1              = 1
b1              = 1
c1              = 1

After 6 iterations the fit converged.
final sum of squares of residuals : 1.42048
rel. change during last iteration : -1.81828e-12

degrees of freedom    (FIT_NDF)                        : 9997
rms of residuals      (FIT_STDFIT) = sqrt(WSSR/ndf)    : 0.0119202
variance of residuals (reduced chisquare) = WSSR/ndf   : 0.00014209

Final set of parameters            Asymptotic Standard Error
=======================            ==========================

a1              = 50.1183          +/- 0.0483       (0.09637%)
b1              = -19.961          +/- 0.0176       (0.08815%)
c1              = 1.82939          +/- 0.001599     (0.08742%)


correlation matrix of the fit parameters:

               a1     b1     c1     
a1              1.000 
b1             -1.000  1.000 
c1              0.999 -1.000  1.000 


*******************************************************************************
Tue Feb  7 13:37:08 2012


FIT:    data read from 'si.txt' u ($1):($3/216)
        format = x:z
        #datapoints = 10000
        residuals are weighted equally (unit weight)

function used for fitting: f2(x)
fitted parameters initialized with current variable values



 Iteration 0
 WSSR        : 4.22649e+11       delta(WSSR)/WSSR   : 0
 delta(WSSR) : 0                 limit for stopping : 1e-05
 lambda	  : 2216.32

initial set of free parameter values

a2              = 1
b2              = 1
c2              = 1
d2              = 1
e2              = 1
f2              = 1

After 12 iterations the fit converged.
final sum of squares of residuals : 0.000737127
rel. change during last iteration : -1.19801e-12

degrees of freedom    (FIT_NDF)                        : 9994
rms of residuals      (FIT_STDFIT) = sqrt(WSSR/ndf)    : 0.000271582
variance of residuals (reduced chisquare) = WSSR/ndf   : 7.3757e-08

Final set of parameters            Asymptotic Standard Error
=======================            ==========================

a2              = -700.047         +/- 11.33        (1.619%)
b2              = 719.002          +/- 10.33        (1.437%)
c2              = -284.026         +/- 3.767        (1.326%)
d2              = 54.422           +/- 0.6861       (1.261%)
e2              = -5.10833         +/- 0.06242      (1.222%)
f2              = 0.189352         +/- 0.00227      (1.199%)


correlation matrix of the fit parameters:

               a2     b2     c2     d2     e2     f2     
a2              1.000 
b2             -1.000  1.000 
c2              1.000 -1.000  1.000 
d2             -1.000  1.000 -1.000  1.000 
e2              0.999 -1.000  1.000 -1.000  1.000 
f2             -0.999  0.999 -1.000  1.000 -1.000  1.000 
