

*******************************************************************************
Mon Feb  6 17:08:46 2012


FIT:    data read from '< head -50 log_1E9.txt' u ($1*erate1):(-$7/10)
        format = x:z
BREAK:          No data to fit 



*******************************************************************************
Mon Feb  6 20:36:15 2012


FIT:    data read from '< head -80 eam.txt' u ($1*erate1):(-$7/10)
        format = x:z


*******************************************************************************
Mon Feb  6 20:36:31 2012


FIT:    data read from '< head -80 eam.txt' u ($1*erate1):(-$7/10)
        format = x:z


*******************************************************************************
Mon Feb  6 20:36:52 2012


FIT:    data read from '< head -80 eam.txt' u ($1*erate):(-$7/10)
        format = x:z
        #datapoints = 80
        residuals are weighted equally (unit weight)

function used for fitting: f1(x)
fitted parameters initialized with current variable values



 Iteration 0
 WSSR        : 4.60356e+07       delta(WSSR)/WSSR   : 0
 delta(WSSR) : 0                 limit for stopping : 1e-05
 lambda	  : 0.0915096

initial set of free parameter values

E1              = 1

After 3 iterations the fit converged.
final sum of squares of residuals : 6.56454e+06
rel. change during last iteration : -1.43154e-11

degrees of freedom    (FIT_NDF)                        : 79
rms of residuals      (FIT_STDFIT) = sqrt(WSSR/ndf)    : 288.263
variance of residuals (reduced chisquare) = WSSR/ndf   : 83095.4

Final set of parameters            Asymptotic Standard Error
=======================            ==========================

E1              = 7676.88          +/- 352.2        (4.588%)


correlation matrix of the fit parameters:

               E1     
E1              1.000 


*******************************************************************************
Mon Feb  6 20:36:52 2012


FIT:    data read from '< head -80 lj.txt' u ($1*erate):(-$7/10)
        format = x:z
        #datapoints = 80
        residuals are weighted equally (unit weight)

function used for fitting: f2(x)
fitted parameters initialized with current variable values



 Iteration 0
 WSSR        : 1.13031e+09       delta(WSSR)/WSSR   : 0
 delta(WSSR) : 0                 limit for stopping : 1e-05
 lambda	  : 0.0915096

initial set of free parameter values

E2              = 1

After 3 iterations the fit converged.
final sum of squares of residuals : 1.3095e+08
rel. change during last iteration : -1.81699e-11

degrees of freedom    (FIT_NDF)                        : 79
rms of residuals      (FIT_STDFIT) = sqrt(WSSR/ndf)    : 1287.48
variance of residuals (reduced chisquare) = WSSR/ndf   : 1.65759e+06

Final set of parameters            Asymptotic Standard Error
=======================            ==========================

E2              = 38624.3          +/- 1573         (4.073%)


correlation matrix of the fit parameters:

               E2     
E2              1.000 


*******************************************************************************
Mon Feb  6 21:31:25 2012


FIT:    data read from '< head -80 eam.txt' u ($1*erate):(-$7/10)
        format = x:z
        #datapoints = 80
        residuals are weighted equally (unit weight)

function used for fitting: f1(x)
fitted parameters initialized with current variable values



 Iteration 0
 WSSR        : 4.60356e+07       delta(WSSR)/WSSR   : 0
 delta(WSSR) : 0                 limit for stopping : 1e-05
 lambda	  : 0.0915096

initial set of free parameter values

E1              = 1

After 3 iterations the fit converged.
final sum of squares of residuals : 6.56454e+06
rel. change during last iteration : -1.43154e-11

degrees of freedom    (FIT_NDF)                        : 79
rms of residuals      (FIT_STDFIT) = sqrt(WSSR/ndf)    : 288.263
variance of residuals (reduced chisquare) = WSSR/ndf   : 83095.4

Final set of parameters            Asymptotic Standard Error
=======================            ==========================

E1              = 7676.88          +/- 352.2        (4.588%)


correlation matrix of the fit parameters:

               E1     
E1              1.000 


*******************************************************************************
Mon Feb  6 21:31:25 2012


FIT:    data read from '< head -80 lj.txt' u ($1*erate):(-$7/10)
        format = x:z
        #datapoints = 80
        residuals are weighted equally (unit weight)

function used for fitting: f2(x)
fitted parameters initialized with current variable values



 Iteration 0
 WSSR        : 1.13031e+09       delta(WSSR)/WSSR   : 0
 delta(WSSR) : 0                 limit for stopping : 1e-05
 lambda	  : 0.0915096

initial set of free parameter values

E2              = 1

After 3 iterations the fit converged.
final sum of squares of residuals : 1.3095e+08
rel. change during last iteration : -1.81699e-11

degrees of freedom    (FIT_NDF)                        : 79
rms of residuals      (FIT_STDFIT) = sqrt(WSSR/ndf)    : 1287.48
variance of residuals (reduced chisquare) = WSSR/ndf   : 1.65759e+06

Final set of parameters            Asymptotic Standard Error
=======================            ==========================

E2              = 38624.3          +/- 1573         (4.073%)


correlation matrix of the fit parameters:

               E2     
E2              1.000 


*******************************************************************************
Wed Feb  8 00:12:02 2012


FIT:    data read from '< head -80 eam.txt' u ($1*erate):(-$7/10)
        format = x:z
        #datapoints = 80
        residuals are weighted equally (unit weight)

function used for fitting: f1(x)
fitted parameters initialized with current variable values



 Iteration 0
 WSSR        : 432122            delta(WSSR)/WSSR   : 0
 delta(WSSR) : 0                 limit for stopping : 1e-05
 lambda	  : 3.0081e-05

initial set of free parameter values

E1              = 1

After 3 iterations the fit converged.
final sum of squares of residuals : 4.07424
rel. change during last iteration : -2.5252e-07

degrees of freedom    (FIT_NDF)                        : 79
rms of residuals      (FIT_STDFIT) = sqrt(WSSR/ndf)    : 0.227096
variance of residuals (reduced chisquare) = WSSR/ndf   : 0.0515727

Final set of parameters            Asymptotic Standard Error
=======================            ==========================

E1              = -2.44322e+06     +/- 844.1        (0.03455%)


correlation matrix of the fit parameters:

               E1     
E1              1.000 


*******************************************************************************
Wed Feb  8 00:12:02 2012


FIT:    data read from '< head -80 lj.txt' u ($1*erate):(-$7/10)
        format = x:z
        #datapoints = 80
        residuals are weighted equally (unit weight)

function used for fitting: f2(x)
fitted parameters initialized with current variable values



 Iteration 0
 WSSR        : 432122            delta(WSSR)/WSSR   : 0
 delta(WSSR) : 0                 limit for stopping : 1e-05
 lambda	  : 3.0081e-05

initial set of free parameter values

E2              = 1

After 3 iterations the fit converged.
final sum of squares of residuals : 4.07424
rel. change during last iteration : -2.5252e-07

degrees of freedom    (FIT_NDF)                        : 79
rms of residuals      (FIT_STDFIT) = sqrt(WSSR/ndf)    : 0.227096
variance of residuals (reduced chisquare) = WSSR/ndf   : 0.0515727

Final set of parameters            Asymptotic Standard Error
=======================            ==========================

E2              = -2.44322e+06     +/- 844.1        (0.03455%)


correlation matrix of the fit parameters:

               E2     
E2              1.000 
