

*******************************************************************************
Wed Feb  8 00:43:35 2012


FIT:    data read from '< head -50 run_1E9.txt' u ($1*erate1):(-$7/10)
        format = x:z
        #datapoints = 50
        residuals are weighted equally (unit weight)

function used for fitting: f1(x)
fitted parameters initialized with current variable values



 Iteration 0
 WSSR        : 2.19901e+07       delta(WSSR)/WSSR   : 0
 delta(WSSR) : 0                 limit for stopping : 1e-05
 lambda	  : 0.0568683

initial set of free parameter values

E1              = 1

After 3 iterations the fit converged.
final sum of squares of residuals : 243559
rel. change during last iteration : -1.37256e-09

degrees of freedom    (FIT_NDF)                        : 49
rms of residuals      (FIT_STDFIT) = sqrt(WSSR/ndf)    : 70.5024
variance of residuals (reduced chisquare) = WSSR/ndf   : 4970.59

Final set of parameters            Asymptotic Standard Error
=======================            ==========================

E1              = 11597.8          +/- 175.3        (1.512%)


correlation matrix of the fit parameters:

               E1     
E1              1.000 


*******************************************************************************
Wed Feb  8 00:43:35 2012


FIT:    data read from '< head -80 run_5E8.txt' u ($1*erate2):(-$7/10)
        format = x:z
        #datapoints = 80
        residuals are weighted equally (unit weight)

function used for fitting: f2(x)
fitted parameters initialized with current variable values



 Iteration 0
 WSSR        : 2.71046e+07       delta(WSSR)/WSSR   : 0
 delta(WSSR) : 0                 limit for stopping : 1e-05
 lambda	  : 0.0457548

initial set of free parameter values

E2              = 1

After 3 iterations the fit converged.
final sum of squares of residuals : 214154
rel. change during last iteration : -2.98959e-10

degrees of freedom    (FIT_NDF)                        : 79
rms of residuals      (FIT_STDFIT) = sqrt(WSSR/ndf)    : 52.0655
variance of residuals (reduced chisquare) = WSSR/ndf   : 2710.81

Final set of parameters            Asymptotic Standard Error
=======================            ==========================

E2              = 12672.2          +/- 127.2        (1.004%)


correlation matrix of the fit parameters:

               E2     
E2              1.000 


*******************************************************************************
Wed Feb  8 00:43:35 2012


FIT:    data read from '< head -300 run_1E8.txt' u ($1*erate3):(-$7/10)
        format = x:z
        #datapoints = 300
        residuals are weighted equally (unit weight)

function used for fitting: f3(x)
fitted parameters initialized with current variable values



 Iteration 0
 WSSR        : 6.96206e+07       delta(WSSR)/WSSR   : 0
 delta(WSSR) : 0                 limit for stopping : 1e-05
 lambda	  : 0.0345544

initial set of free parameter values

E3              = 1

After 3 iterations the fit converged.
final sum of squares of residuals : 412251
rel. change during last iteration : -2.05862e-12

degrees of freedom    (FIT_NDF)                        : 299
rms of residuals      (FIT_STDFIT) = sqrt(WSSR/ndf)    : 37.1317
variance of residuals (reduced chisquare) = WSSR/ndf   : 1378.77

Final set of parameters            Asymptotic Standard Error
=======================            ==========================

E3              = 13901            +/- 62.04        (0.4463%)


correlation matrix of the fit parameters:

               E3     
E3              1.000 
